{
  "stats": {
    "suites": 1,
    "tests": 6,
    "passes": 6,
    "pending": 0,
    "failures": 0,
    "start": "2023-03-01T12:55:51.641Z",
    "end": "2023-03-01T12:57:45.861Z",
    "duration": 114220,
    "testsRegistered": 6,
    "passPercent": 100,
    "pendingPercent": 0,
    "other": 0,
    "hasOther": false,
    "skipped": 0,
    "hasSkipped": false
  },
  "results": [
    {
      "uuid": "b2d2c43d-a850-4af5-a4e5-01869350daec",
      "title": "",
      "fullFile": "C:\\Users\\USER\\Desktop\\Selenium test for Lambda login and register page\\LoginPage\\LoginTest.js",
      "file": "\\LoginPage\\LoginTest.js",
      "beforeHooks": [],
      "afterHooks": [],
      "tests": [],
      "suites": [
        {
          "uuid": "06793422-f9d4-46c4-afe2-441c3298b2b6",
          "title": "Log in Test for Lambda Website",
          "fullFile": "C:\\Users\\USER\\Desktop\\Selenium test for Lambda login and register page\\LoginPage\\LoginTest.js",
          "file": "\\LoginPage\\LoginTest.js",
          "beforeHooks": [],
          "afterHooks": [],
          "tests": [
            {
              "title": "Verify sucessful Log in using a valid credential",
              "fullTitle": "Log in Test for Lambda Website Verify sucessful Log in using a valid credential",
              "timedOut": null,
              "duration": 39472,
              "state": "passed",
              "speed": "slow",
              "pass": true,
              "fail": false,
              "pending": false,
              "context": null,
              "code": "let driver = await new Builder().forBrowser(Browser.CHROME).build();\n        await driver.get('https://accounts.lambdatest.com/login');\n        let username = await driver.findElement(By.id(\"email\"));\n        username.sendKeys(\"seuncarta@gmail.com\");\n        let password = await driver.findElement(By.id(\"password\"));\n        password.sendKeys(\"Economicedu$156\");\n        let login = await driver.findElement(By.id(\"login-button\"));\n        await login.click();\n        await driver.wait(until.urlIs('https://accounts.lambdatest.com/dashboard'), 5000, 'Showld load dashboard page');\n        //Close browser\n        await driver.quit();",
              "err": {},
              "uuid": "e02955c5-b6e9-4080-815f-4eb35439a6ca",
              "parentUUID": null,
              "isHook": false,
              "skipped": false
            },
            {
              "title": "Verify logging in using an incorrect password 'valid email but a wrong password' ",
              "fullTitle": "Log in Test for Lambda Website Verify logging in using an incorrect password 'valid email but a wrong password' ",
              "timedOut": null,
              "duration": 14874,
              "state": "passed",
              "speed": "slow",
              "pass": true,
              "fail": false,
              "pending": false,
              "context": null,
              "code": "let driver = await new Builder().forBrowser(Browser.CHROME).build();\n        await driver.get('https://accounts.lambdatest.com/login');\n        let username = await driver.findElement(By.id(\"email\"));\n        username.sendKeys(\"seuncarta@gmail.com\");\n        let password = await driver.findElement(By.id(\"password\"));\n        password.sendKeys(\"Economicedu\");\n        let login = await driver.findElement(By.id(\"login-button\"));\n        login.click();\n        await driver.manage().setTimeouts({ implicit: 3000 });\n        let errorMessage = await (await driver.findElement(By.css('p[data-testid=\"errors-password\"]'))).getText();\n        assert.strictEqual(errorMessage, \"Please enter a correct username and password. Note that the password is case-sensitive. After 4 unsuccessful attempts your account will be locked.\", 'error message from wrong password');\n        //Close browser\n        await driver.quit();",
              "err": {},
              "uuid": "880496f3-f23e-4e93-994d-81318bf84fa2",
              "parentUUID": null,
              "isHook": false,
              "skipped": false
            },
            {
              "title": "Verify logging in using a email that has not been not previously registered",
              "fullTitle": "Log in Test for Lambda Website Verify logging in using a email that has not been not previously registered",
              "timedOut": null,
              "duration": 13581,
              "state": "passed",
              "speed": "slow",
              "pass": true,
              "fail": false,
              "pending": false,
              "context": null,
              "code": "let driver = await new Builder().forBrowser(Browser.CHROME).build();\n        await driver.get('https://accounts.lambdatest.com/login');\n        let username = await driver.findElement(By.id(\"email\"));\n        username.sendKeys(\"seunjr7@gmail.com\");\n        let password = await driver.findElement(By.id(\"password\"));\n        password.sendKeys(\"Economicedu$156\");\n        let login = await driver.findElement(By.id(\"login-button\"));\n        login.click();\n        await driver.manage().setTimeouts({ implicit: 5000 });\n        let errorMessage = await (await driver.findElement(By.css('p[data-testid=\"errors-email\"]'))).getText();\n        assert.strictEqual(errorMessage, \"Please enter a correct username and password. Note that the password is case-sensitive\", 'error message from wrong email');\n        //Close browser\n        await driver.quit();",
              "err": {},
              "uuid": "723a36cd-5582-4792-a5b5-65241e99ec66",
              "parentUUID": null,
              "isHook": false,
              "skipped": false
            },
            {
              "title": "Verify logging in using an empty email (email field empty)",
              "fullTitle": "Log in Test for Lambda Website Verify logging in using an empty email (email field empty)",
              "timedOut": null,
              "duration": 15954,
              "state": "passed",
              "speed": "slow",
              "pass": true,
              "fail": false,
              "pending": false,
              "context": null,
              "code": "let driver = await new Builder().forBrowser(Browser.CHROME).build();\n        await driver.get('https://accounts.lambdatest.com/login');\n        let username = await driver.findElement(By.id(\"email\"));\n        username.sendKeys(\"\");\n        let password = await driver.findElement(By.id(\"password\"));\n        password.sendKeys(\"Economicedu$156\");\n        let login = await driver.findElement(By.id(\"login-button\"));\n        login.click();\n        let errorMessage = await (await driver.findElement(By.css('p[data-testid=\"errors-email\"]'))).getText();\n        assert.strictEqual(errorMessage, \"Please enter your email\", 'error message from empty email');\n        //Close browser\n        await driver.quit();",
              "err": {},
              "uuid": "c11b373d-d12f-4361-ad02-85b737415c4c",
              "parentUUID": null,
              "isHook": false,
              "skipped": false
            },
            {
              "title": "Verify leaving the password filed empty",
              "fullTitle": "Log in Test for Lambda Website Verify leaving the password filed empty",
              "timedOut": null,
              "duration": 11762,
              "state": "passed",
              "speed": "slow",
              "pass": true,
              "fail": false,
              "pending": false,
              "context": null,
              "code": "let driver = await new Builder().forBrowser(Browser.CHROME).build();\n        await driver.get('https://accounts.lambdatest.com/login');\n        let password = await driver.findElement(By.id(\"password\"));\n        password.sendKeys(\"\");\n        let username = await driver.findElement(By.id(\"email\"));\n        username.sendKeys(\"seuncarta@gmail.com\");\n        let login = await driver.findElement(By.id(\"login-button\"));\n        login.click();\n        let errorMessage = await (await driver.findElement(By.css('p[data-testid=\"errors-password\"]'))).getText();\n        assert.strictEqual(errorMessage, \"Please enter your password\", 'error message from empty password');\n        //Close browser\n        await driver.quit();",
              "err": {},
              "uuid": "6d388bfc-736d-4eef-b30c-4993b00946f3",
              "parentUUID": null,
              "isHook": false,
              "skipped": false
            },
            {
              "title": "Verify login while making a spelling error in the mail feild",
              "fullTitle": "Log in Test for Lambda Website Verify login while making a spelling error in the mail feild",
              "timedOut": null,
              "duration": 17808,
              "state": "passed",
              "speed": "slow",
              "pass": true,
              "fail": false,
              "pending": false,
              "context": null,
              "code": "let driver = await new Builder().forBrowser(Browser.CHROME).build();\n        await driver.get('https://accounts.lambdatest.com/login');\n        let username = await driver.findElement(By.id(\"email\"));\n        username.sendKeys(\"seuncartagmail.com\");\n        let password = await driver.findElement(By.id(\"password\"));\n        password.sendKeys(\"Economicedu$156\");\n        let login = await driver.findElement(By.id(\"login-button\"));\n        login.click();\n        let errorMessage = await (await driver.findElement(By.css('p[data-testid=\"errors-email\"]'))).getText();\n        assert.strictEqual(errorMessage, \"Invalid email address\", 'error message from wrong email');\n        //Close browser\n        await driver.quit();",
              "err": {},
              "uuid": "fed774dd-93a2-4282-bd76-ad28da18b014",
              "parentUUID": null,
              "isHook": false,
              "skipped": false
            }
          ],
          "suites": [],
          "passes": [
            "e02955c5-b6e9-4080-815f-4eb35439a6ca",
            "880496f3-f23e-4e93-994d-81318bf84fa2",
            "723a36cd-5582-4792-a5b5-65241e99ec66",
            "c11b373d-d12f-4361-ad02-85b737415c4c",
            "6d388bfc-736d-4eef-b30c-4993b00946f3",
            "fed774dd-93a2-4282-bd76-ad28da18b014"
          ],
          "failures": [],
          "pending": [],
          "skipped": [],
          "duration": 113451,
          "root": false,
          "rootEmpty": false,
          "_timeout": null
        }
      ],
      "passes": [],
      "failures": [],
      "pending": [],
      "skipped": [],
      "duration": 0,
      "root": true,
      "rootEmpty": true,
      "_timeout": 0
    }
  ],
  "meta": {
    "mocha": {
      "version": "10.2.0"
    },
    "mochawesome": {
      "options": {
        "quiet": false,
        "reportFilename": "mochawesome",
        "saveHtml": true,
        "saveJson": true,
        "consoleReporter": "spec",
        "useInlineDiffs": false,
        "code": true
      },
      "version": "7.1.3"
    },
    "marge": {
      "options": {
        "reportDir": "testReports",
        "": true
      },
      "version": "6.2.0"
    }
  }
}