{
  "stats": {
    "suites": 1,
    "tests": 1,
    "passes": 1,
    "pending": 0,
    "failures": 0,
    "start": "2023-03-07T13:17:15.760Z",
    "end": "2023-03-07T13:17:23.809Z",
    "duration": 8049,
    "testsRegistered": 1,
    "passPercent": 100,
    "pendingPercent": 0,
    "other": 0,
    "hasOther": false,
    "skipped": 0,
    "hasSkipped": false
  },
  "results": [
    {
      "uuid": "0afc26b6-d25a-4a30-9c58-d0e686426d06",
      "title": "",
      "fullFile": "C:\\Users\\USER\\Desktop\\Selenium test for Lambda login and register page\\test\\firstTest.js",
      "file": "\\test\\firstTest.js",
      "beforeHooks": [],
      "afterHooks": [],
      "tests": [],
      "suites": [
        {
          "uuid": "dd46285e-f27e-49bf-8831-108f30bc3916",
          "title": "add a todo task test",
          "fullFile": "C:\\Users\\USER\\Desktop\\Selenium test for Lambda login and register page\\test\\firstTest.js",
          "file": "\\test\\firstTest.js",
          "beforeHooks": [],
          "afterHooks": [],
          "tests": [
            {
              "title": "successfully added a todo to our application",
              "fullTitle": "add a todo task test successfully added a todo to our application",
              "timedOut": null,
              "duration": 7482,
              "state": "passed",
              "speed": "slow",
              "pass": true,
              "fail": false,
              "pending": false,
              "context": null,
              "code": "//Lunch the browser\n        let driver = await new Builder().forBrowser(\"firefox\").build();\n        //navigate to our application\n        await driver.get(\"https://lambdatest.github.io/sample-todo-app/\")\n        //add a todo\n        //using locators\n        await driver.findElement(By.id(\"sampletodotext\")).sendKeys(\"Learn Selenium\", Key.RETURN);\n        //assert\n        let todoText = await driver.findElement(By.xpath(\"//li[last()]\")).getText().then(function (value) {\n            return value\n        });\n        // let buttonText = await driver.findElement(By.id(\"addbutton\")).getText().then(function (value) {\n        //     return value\n        // });\n        //assert using node assertion\n        // assert.strictEqual(todoText, \"Learn Selenium\");\n        /*\n        let URL = await driver.getCurrentUrl();\n        assert.strictEqual(URL, \"https://lambdatestio/sample-todo-app/\");\n        URL.should.equal(\"https://lambdatest.github.io/sample-todo-app/\")\n        */\n        \n        //assert using chai should\n        todoText.should.equal(\"Learn Selenium\")\n        // buttonText.should.equal(\"Learn\")\n        //close the browser\n        await driver.quit();",
              "err": {},
              "uuid": "d7af6b2d-b631-4f27-8c35-7ef6b7f306b9",
              "parentUUID": null,
              "isHook": false,
              "skipped": false
            }
          ],
          "suites": [],
          "passes": [
            "d7af6b2d-b631-4f27-8c35-7ef6b7f306b9"
          ],
          "failures": [],
          "pending": [],
          "skipped": [],
          "duration": 7482,
          "root": false,
          "rootEmpty": false,
          "_timeout": null
        }
      ],
      "passes": [],
      "failures": [],
      "pending": [],
      "skipped": [],
      "duration": 0,
      "root": true,
      "rootEmpty": true,
      "_timeout": 0
    }
  ],
  "meta": {
    "mocha": {
      "version": "10.2.0"
    },
    "mochawesome": {
      "options": {
        "quiet": false,
        "reportFilename": "mochawesome",
        "saveHtml": true,
        "saveJson": true,
        "consoleReporter": "spec",
        "useInlineDiffs": false,
        "code": true
      },
      "version": "7.1.3"
    },
    "marge": {
      "options": {
        "reportDir": "testReports",
        "": true
      },
      "version": "6.2.0"
    }
  }
}