{
  "stats": {
    "suites": 1,
    "tests": 1,
    "passes": 1,
    "pending": 0,
    "failures": 0,
    "start": "2023-02-10T13:41:00.879Z",
    "end": "2023-02-10T13:41:07.167Z",
    "duration": 6288,
    "testsRegistered": 1,
    "passPercent": 100,
    "pendingPercent": 0,
    "other": 0,
    "hasOther": false,
    "skipped": 0,
    "hasSkipped": false
  },
  "results": [
    {
      "uuid": "9589b8b7-15a7-4578-aaf0-12d7a2be1aa7",
      "title": "",
      "fullFile": "C:\\Users\\USER\\Desktop\\Selenium test for Lambda login and register page\\LoginPage\\LoginTest.js",
      "file": "\\LoginPage\\LoginTest.js",
      "beforeHooks": [],
      "afterHooks": [],
      "tests": [],
      "suites": [
        {
          "uuid": "08d4389b-8d4a-482b-9139-2a58bb99e4df",
          "title": "Log in Test for Lambda Website",
          "fullFile": "C:\\Users\\USER\\Desktop\\Selenium test for Lambda login and register page\\LoginPage\\LoginTest.js",
          "file": "\\LoginPage\\LoginTest.js",
          "beforeHooks": [],
          "afterHooks": [],
          "tests": [
            {
              "title": "Verify leaving the password filed empty",
              "fullTitle": "Log in Test for Lambda Website Verify leaving the password filed empty",
              "timedOut": null,
              "duration": 5690,
              "state": "passed",
              "speed": "slow",
              "pass": true,
              "fail": false,
              "pending": false,
              "context": null,
              "code": "let driver = await new Builder().forBrowser(Browser.CHROME).build();\n        await driver.get('https://accounts.lambdatest.com/login');\n        let password = await driver.findElement(By.id(\"password\"));\n        password.sendKeys(\"\");\n        let username = await driver.findElement(By.id(\"email\"));\n        username.sendKeys(\"seuncarta@gmail.com\");\n        let login = await driver.findElement(By.id(\"login-button\"));\n        login.click();\n        let errorMessage = await (await driver.findElement(By.css('p[data-testid=\"errors-password\"]'))).getText();\n        assert.strictEqual(errorMessage, \"Please enter your password\", 'error message from empty password');\n        //Close browser\n        await driver.quit();",
              "err": {},
              "uuid": "6d12db1b-58d1-4500-b00f-7fc91231cdb5",
              "parentUUID": null,
              "isHook": false,
              "skipped": false
            }
          ],
          "suites": [],
          "passes": [
            "6d12db1b-58d1-4500-b00f-7fc91231cdb5"
          ],
          "failures": [],
          "pending": [],
          "skipped": [],
          "duration": 5690,
          "root": false,
          "rootEmpty": false,
          "_timeout": null
        }
      ],
      "passes": [],
      "failures": [],
      "pending": [],
      "skipped": [],
      "duration": 0,
      "root": true,
      "rootEmpty": true,
      "_timeout": 0
    }
  ],
  "meta": {
    "mocha": {
      "version": "10.2.0"
    },
    "mochawesome": {
      "options": {
        "quiet": false,
        "reportFilename": "mochawesome",
        "saveHtml": true,
        "saveJson": true,
        "consoleReporter": "spec",
        "useInlineDiffs": false,
        "code": true
      },
      "version": "7.1.3"
    },
    "marge": {
      "options": {
        "reportDir": "testReports",
        "": true
      },
      "version": "6.2.0"
    }
  }
}