{
  "stats": {
    "suites": 1,
    "tests": 6,
    "passes": 6,
    "pending": 0,
    "failures": 0,
    "start": "2023-02-10T08:57:02.679Z",
    "end": "2023-02-10T08:57:43.267Z",
    "duration": 40588,
    "testsRegistered": 6,
    "passPercent": 100,
    "pendingPercent": 0,
    "other": 0,
    "hasOther": false,
    "skipped": 0,
    "hasSkipped": false
  },
  "results": [
    {
      "uuid": "567c565b-5650-478e-b312-e9d8d65e2b45",
      "title": "",
      "fullFile": "C:\\Users\\USER\\Desktop\\Selenium test for Lambda login and register page\\LoginPage\\LoginTest.js",
      "file": "\\LoginPage\\LoginTest.js",
      "beforeHooks": [],
      "afterHooks": [],
      "tests": [],
      "suites": [
        {
          "uuid": "f20aa645-ac2c-4769-a51e-47457008c4b9",
          "title": "Log in Test for Lambda Website",
          "fullFile": "C:\\Users\\USER\\Desktop\\Selenium test for Lambda login and register page\\LoginPage\\LoginTest.js",
          "file": "\\LoginPage\\LoginTest.js",
          "beforeHooks": [],
          "afterHooks": [],
          "tests": [
            {
              "title": "Verify sucessful Log in using a valid credential",
              "fullTitle": "Log in Test for Lambda Website Verify sucessful Log in using a valid credential",
              "timedOut": null,
              "duration": 14193,
              "state": "passed",
              "speed": "slow",
              "pass": true,
              "fail": false,
              "pending": false,
              "context": null,
              "code": "let driver = await new Builder().forBrowser(Browser.CHROME).build();\n        await driver.get('https://accounts.lambdatest.com/login');\n        let username = await driver.findElement(By.id(\"email\"));\n        username.sendKeys(\"seuncarta@gmail.com\");\n        let password = await driver.findElement(By.id(\"password\"));\n        password.sendKeys(\"Economicedu$156\");\n        let login = await driver.findElement(By.id(\"login-button\"));\n        await login.click();\n        await driver.wait(until.urlIs('https://accounts.lambdatest.com/dashboard'), 3000, 'Showld load dashboard page');\n        \n        //Close browser\n        await driver.quit();",
              "err": {},
              "uuid": "ee22ba0d-0e88-42aa-baa6-46d305639cae",
              "parentUUID": null,
              "isHook": false,
              "skipped": false
            },
            {
              "title": "Verify logging in using an incorrect password 'valid email but a wrong password' ",
              "fullTitle": "Log in Test for Lambda Website Verify logging in using an incorrect password 'valid email but a wrong password' ",
              "timedOut": null,
              "duration": 5931,
              "state": "passed",
              "speed": "slow",
              "pass": true,
              "fail": false,
              "pending": false,
              "context": null,
              "code": "let driver = await new Builder().forBrowser(Browser.CHROME).build();\n\n    await driver.get('https://accounts.lambdatest.com/login');\n\n    let username = await driver.findElement(By.id(\"email\"));\n    username.sendKeys(\"seuncarta@gmail.com\");\n\n    let password = await driver.findElement(By.id(\"password\"));\n    password.sendKeys(\"Economicedu\");\n\n    let login = await driver.findElement(By.id(\"login-button\"));\n    login.click();\n\n    await driver.manage().setTimeouts({ implicit: 3000 });\n\n    let errorMessage = await (await driver.findElement(By.css('p[data-testid=\"errors-password\"]'))).getText();\n\n    assert.strictEqual(errorMessage, \"Please enter a correct username and password. Note that the password is case-sensitive. After 4 unsuccessful attempts your account will be locked.\", 'error message from wrong password');\n\n    //Close browser\n    await driver.quit();",
              "err": {},
              "uuid": "cede759b-4487-4c89-b195-954fca8e4267",
              "parentUUID": null,
              "isHook": false,
              "skipped": false
            },
            {
              "title": "Verify logging in using a email that has not been not previously registered",
              "fullTitle": "Log in Test for Lambda Website Verify logging in using a email that has not been not previously registered",
              "timedOut": null,
              "duration": 6450,
              "state": "passed",
              "speed": "slow",
              "pass": true,
              "fail": false,
              "pending": false,
              "context": null,
              "code": "let driver = await new Builder().forBrowser(Browser.CHROME).build();\n\n    await driver.get('https://accounts.lambdatest.com/login');\n\n    let username = await driver.findElement(By.id(\"email\"));\n    username.sendKeys(\"seunjr7@gmail.com\");\n\n    let password = await driver.findElement(By.id(\"password\"));\n    password.sendKeys(\"Economicedu$156\");\n\n    let login = await driver.findElement(By.id(\"login-button\"));\n    login.click();\n\n    await driver.manage().setTimeouts({ implicit: 3000 });\n\n    let errorMessage = await (await driver.findElement(By.css('p[data-testid=\"errors-email\"]'))).getText();\n\n    assert.strictEqual(errorMessage, \"Please enter a correct username and password. Note that the password is case-sensitive\", 'error message from wrong email');\n    //Close browser\n    await driver.quit();",
              "err": {},
              "uuid": "197084a5-0d5a-4602-a56d-f0baf71ace74",
              "parentUUID": null,
              "isHook": false,
              "skipped": false
            },
            {
              "title": "Verify logging in using an empty email (email field empty)",
              "fullTitle": "Log in Test for Lambda Website Verify logging in using an empty email (email field empty)",
              "timedOut": null,
              "duration": 4482,
              "state": "passed",
              "speed": "slow",
              "pass": true,
              "fail": false,
              "pending": false,
              "context": null,
              "code": "let driver = await new Builder().forBrowser(Browser.CHROME).build();\n\n    await driver.get('https://accounts.lambdatest.com/login');\n\n    let username = await driver.findElement(By.id(\"email\"));\n    username.sendKeys(\"\");\n\n    let password = await driver.findElement(By.id(\"password\"));\n    password.sendKeys(\"Economicedu$156\");\n\n    let login = await driver.findElement(By.id(\"login-button\"));\n    login.click();\n\n    let errorMessage = await (await driver.findElement(By.css('p[data-testid=\"errors-email\"]'))).getText();\n\n    assert.strictEqual(errorMessage, \"Please enter your email\", 'error message from empty email');\n\n    //Close browser\n    await driver.quit();",
              "err": {},
              "uuid": "148a5775-8aeb-4f89-bbd9-3463e9de4b37",
              "parentUUID": null,
              "isHook": false,
              "skipped": false
            },
            {
              "title": "Verify leaving the password filed empty",
              "fullTitle": "Log in Test for Lambda Website Verify leaving the password filed empty",
              "timedOut": null,
              "duration": 4435,
              "state": "passed",
              "speed": "slow",
              "pass": true,
              "fail": false,
              "pending": false,
              "context": null,
              "code": "let driver = await new Builder().forBrowser(Browser.CHROME).build();\n\n    await driver.get('https://accounts.lambdatest.com/login');\n\n    let password = await driver.findElement(By.id(\"password\"));\n    password.sendKeys(\"\");\n\n    let username = await driver.findElement(By.id(\"email\"));\n    username.sendKeys(\"seuncarta@gmail.com\");\n\n    let login = await driver.findElement(By.id(\"login-button\"));\n    login.click();\n\n    let errorMessage = await (await driver.findElement(By.css('p[data-testid=\"errors-password\"]'))).getText();\n\n    assert.strictEqual(errorMessage, \"Please enter your password\", 'error message from empty password');\n\n    //Close browser\n    await driver.quit();",
              "err": {},
              "uuid": "afd02c27-20c0-4e3a-ab51-9de10a5c89e9",
              "parentUUID": null,
              "isHook": false,
              "skipped": false
            },
            {
              "title": "Verify login while making a spelling error in the mail feild",
              "fullTitle": "Log in Test for Lambda Website Verify login while making a spelling error in the mail feild",
              "timedOut": null,
              "duration": 4578,
              "state": "passed",
              "speed": "slow",
              "pass": true,
              "fail": false,
              "pending": false,
              "context": null,
              "code": "let driver = await new Builder().forBrowser(Browser.CHROME).build();\n\n    await driver.get('https://accounts.lambdatest.com/login');\n\n    let username = await driver.findElement(By.id(\"email\"));\n    username.sendKeys(\"seuncartagmail.com\");\n\n    let password = await driver.findElement(By.id(\"password\"));\n    password.sendKeys(\"Economicedu$156\");\n\n    let login = await driver.findElement(By.id(\"login-button\"));\n    login.click();\n\n    let errorMessage = await (await driver.findElement(By.css('p[data-testid=\"errors-email\"]'))).getText();\n\n    assert.strictEqual(errorMessage, \"Invalid email address\", 'error message from wrong email');\n\n    //Close browser\n    await driver.quit();",
              "err": {},
              "uuid": "4e4d24b7-ea3d-434e-8d4d-40f434cca9aa",
              "parentUUID": null,
              "isHook": false,
              "skipped": false
            }
          ],
          "suites": [],
          "passes": [
            "ee22ba0d-0e88-42aa-baa6-46d305639cae",
            "cede759b-4487-4c89-b195-954fca8e4267",
            "197084a5-0d5a-4602-a56d-f0baf71ace74",
            "148a5775-8aeb-4f89-bbd9-3463e9de4b37",
            "afd02c27-20c0-4e3a-ab51-9de10a5c89e9",
            "4e4d24b7-ea3d-434e-8d4d-40f434cca9aa"
          ],
          "failures": [],
          "pending": [],
          "skipped": [],
          "duration": 40069,
          "root": false,
          "rootEmpty": false,
          "_timeout": null
        }
      ],
      "passes": [],
      "failures": [],
      "pending": [],
      "skipped": [],
      "duration": 0,
      "root": true,
      "rootEmpty": true,
      "_timeout": 0
    }
  ],
  "meta": {
    "mocha": {
      "version": "10.2.0"
    },
    "mochawesome": {
      "options": {
        "quiet": false,
        "reportFilename": "mochawesome",
        "saveHtml": true,
        "saveJson": true,
        "consoleReporter": "spec",
        "useInlineDiffs": false,
        "code": true
      },
      "version": "7.1.3"
    },
    "marge": {
      "options": {
        "reportDir": "testReports",
        "": true
      },
      "version": "6.2.0"
    }
  }
}