{
  "stats": {
    "suites": 1,
    "tests": 1,
    "passes": 1,
    "pending": 0,
    "failures": 0,
    "start": "2023-02-15T14:07:35.754Z",
    "end": "2023-02-15T14:07:54.165Z",
    "duration": 18411,
    "testsRegistered": 1,
    "passPercent": 100,
    "pendingPercent": 0,
    "other": 0,
    "hasOther": false,
    "skipped": 0,
    "hasSkipped": false
  },
  "results": [
    {
      "uuid": "6a548e02-102f-446f-a124-54072880b53e",
      "title": "",
      "fullFile": "C:\\Users\\USER\\Desktop\\Selenium test for Lambda login and register page\\LoginPage\\LoginTest.js",
      "file": "\\LoginPage\\LoginTest.js",
      "beforeHooks": [],
      "afterHooks": [],
      "tests": [],
      "suites": [
        {
          "uuid": "f893c9c6-3813-4c82-8aba-3fe09fa61e91",
          "title": "Log in Test for Lambda Website",
          "fullFile": "C:\\Users\\USER\\Desktop\\Selenium test for Lambda login and register page\\LoginPage\\LoginTest.js",
          "file": "\\LoginPage\\LoginTest.js",
          "beforeHooks": [],
          "afterHooks": [],
          "tests": [
            {
              "title": "Verify logging in using an incorrect password 'valid email but a wrong password' ",
              "fullTitle": "Log in Test for Lambda Website Verify logging in using an incorrect password 'valid email but a wrong password' ",
              "timedOut": null,
              "duration": 16649,
              "state": "passed",
              "speed": "slow",
              "pass": true,
              "fail": false,
              "pending": false,
              "context": null,
              "code": "let driver = await new Builder().forBrowser(Browser.CHROME).build();\n        await driver.get('https://accounts.lambdatest.com/login');\n        let username = await driver.findElement(By.id(\"email\"));\n        username.sendKeys(\"seuncarta@gmail.com\");\n        let password = await driver.findElement(By.id(\"password\"));\n        password.sendKeys(\"Economicedu\");\n        let login = await driver.findElement(By.id(\"login-button\"));\n        login.click();\n        await driver.manage().setTimeouts({ implicit: 3000 });\n        let errorMessage = await (await driver.findElement(By.css('p[data-testid=\"errors-password\"]'))).getText();\n        assert.strictEqual(errorMessage, \"Please enter a correct username and password. Note that the password is case-sensitive. After 1 unsuccessful attempts your account will be locked.\", 'error message from wrong password');\n        //Close browser\n        await driver.quit();",
              "err": {},
              "uuid": "8f2a0e3d-d170-4876-8b6c-f618bea7f137",
              "parentUUID": null,
              "isHook": false,
              "skipped": false
            }
          ],
          "suites": [],
          "passes": [
            "8f2a0e3d-d170-4876-8b6c-f618bea7f137"
          ],
          "failures": [],
          "pending": [],
          "skipped": [],
          "duration": 16649,
          "root": false,
          "rootEmpty": false,
          "_timeout": null
        }
      ],
      "passes": [],
      "failures": [],
      "pending": [],
      "skipped": [],
      "duration": 0,
      "root": true,
      "rootEmpty": true,
      "_timeout": 0
    }
  ],
  "meta": {
    "mocha": {
      "version": "10.2.0"
    },
    "mochawesome": {
      "options": {
        "quiet": false,
        "reportFilename": "mochawesome",
        "saveHtml": true,
        "saveJson": true,
        "consoleReporter": "spec",
        "useInlineDiffs": false,
        "code": true
      },
      "version": "7.1.3"
    },
    "marge": {
      "options": {
        "reportDir": "testReports",
        "": true
      },
      "version": "6.2.0"
    }
  }
}